SELECT email FROM users_informations WHERE email = :param1
UWJkcjBXdGh0aUt6enVoL3dPbUp5TEtmSVpQL3RmRHdvRWszME10RE1QND0=
validationEmail.ajax.php
Adresse ip : 216.226.51.234
Date : 26/04/2018
Heure : 08:50:45pm
Plateforme : Mozilla/5.0 (Windows NT 10.0; Win64; x64) AppleWebKit/537.36 (KHTML, like Gecko) Chrome/65.0.3325.181 Safari/537.36
----------------------------------------------------------------
SELECT email FROM users_informations WHERE email = :param1
UWJkcjBXdGh0aUt6enVoL3dPbUp5TUxFbmwza0JENm5XbzRQSWpSZitnUT0=
validationEmail.ajax.php
Adresse ip : 216.226.51.234
Date : 26/04/2018
Heure : 08:50:45pm
Plateforme : Mozilla/5.0 (Windows NT 10.0; Win64; x64) AppleWebKit/537.36 (KHTML, like Gecko) Chrome/65.0.3325.181 Safari/537.36
----------------------------------------------------------------
SELECT email FROM users_informations WHERE email = :param1
UWJkcjBXdGh0aUt6enVoL3dPbUp5TUxFbmwza0JENm5XbzRQSWpSZitnUT0=
validationEmail.ajax.php
Adresse ip : 216.226.51.234
Date : 26/04/2018
Heure : 08:50:45pm
Plateforme : Mozilla/5.0 (Windows NT 10.0; Win64; x64) AppleWebKit/537.36 (KHTML, like Gecko) Chrome/65.0.3325.181 Safari/537.36
----------------------------------------------------------------

SELECT id ,email, recovery
FROM users_informations
WHERE email=:param1
UWJkcjBXdGh0aUt6enVoL3dPbUp5TUxFbmwza0JENm5XbzRQSWpSZitnUT0=
validerOublie.redirect.php
Adresse ip : 216.226.51.234
Date : 26/04/2018
Heure : 08:54:41pm
Plateforme : Mozilla/5.0 (Windows NT 10.0; Win64; x64) AppleWebKit/537.36 (KHTML, like Gecko) Chrome/65.0.3325.181 Safari/537.36
----------------------------------------------------------------
SELECT email FROM users_informations WHERE email = :param1
UWJkcjBXdGh0aUt6enVoL3dPbUp5TUxFbmwza0JENm5XbzRQSWpSZitnUT0=
validerSession.redirect.php
Adresse ip : 216.226.51.234
Date : 26/04/2018
Heure : 08:55:32pm
Plateforme : Mozilla/5.0 (Windows NT 10.0; Win64; x64) AppleWebKit/537.36 (KHTML, like Gecko) Chrome/65.0.3325.181 Safari/537.36
----------------------------------------------------------------
SELECT password FROM users_informations WHERE email = :param1
UWJkcjBXdGh0aUt6enVoL3dPbUp5TUxFbmwza0JENm5XbzRQSWpSZitnUT0=
validerSession.redirect.php
Adresse ip : 216.226.51.234
Date : 26/04/2018
Heure : 08:55:32pm
Plateforme : Mozilla/5.0 (Windows NT 10.0; Win64; x64) AppleWebKit/537.36 (KHTML, like Gecko) Chrome/65.0.3325.181 Safari/537.36
----------------------------------------------------------------
SELECT email FROM users_informations WHERE email = :param1
UWJkcjBXdGh0aUt6enVoL3dPbUp5TUxFbmwza0JENm5XbzRQSWpSZitnUT0=
validerSession.redirect.php
Adresse ip : 216.226.51.234
Date : 26/04/2018
Heure : 09:17:05pm
Plateforme : Mozilla/5.0 (Windows NT 10.0; Win64; x64) AppleWebKit/537.36 (KHTML, like Gecko) Chrome/65.0.3325.181 Safari/537.36
----------------------------------------------------------------
SELECT password FROM users_informations WHERE email = :param1
UWJkcjBXdGh0aUt6enVoL3dPbUp5TUxFbmwza0JENm5XbzRQSWpSZitnUT0=
validerSession.redirect.php
Adresse ip : 216.226.51.234
Date : 26/04/2018
Heure : 09:17:05pm
Plateforme : Mozilla/5.0 (Windows NT 10.0; Win64; x64) AppleWebKit/537.36 (KHTML, like Gecko) Chrome/65.0.3325.181 Safari/537.36
----------------------------------------------------------------
