Compte déjà existant : marcantoine1995@hotmail.com
validerNouveauCompte.redirect.php
Adresse ip : ::1
Date : 19/02/2018
Heure : 02:38:10am
Plateforme : Mozilla/5.0 (Windows NT 10.0; Win64; x64) AppleWebKit/537.36 (KHTML, like Gecko) Chrome/64.0.3282.167 Safari/537.36
----------------------------------------------------------------
Compte déjà existant : marcantoine1995@hotmail.com
validerNouveauCompte.redirect.php
Adresse ip : ::1
Date : 19/02/2018
Heure : 02:38:13am
Plateforme : Mozilla/5.0 (Windows NT 10.0; Win64; x64) AppleWebKit/537.36 (KHTML, like Gecko) Chrome/64.0.3282.167 Safari/537.36
----------------------------------------------------------------
Compte déjà existant : marcantoine1995@hotmail.com
validerNouveauCompte.redirect.php
Adresse ip : ::1
Date : 19/02/2018
Heure : 02:38:17am
Plateforme : Mozilla/5.0 (Windows NT 10.0; Win64; x64) AppleWebKit/537.36 (KHTML, like Gecko) Chrome/64.0.3282.167 Safari/537.36
----------------------------------------------------------------
Compte déjà existant : marcantoine1995@hotmail.com
validerNouveauCompte.redirect.php
Adresse ip : ::1
Date : 19/02/2018
Heure : 02:38:28am
Plateforme : Mozilla/5.0 (Windows NT 10.0; Win64; x64) AppleWebKit/537.36 (KHTML, like Gecko) Chrome/64.0.3282.167 Safari/537.36
----------------------------------------------------------------
Mot de passe invalide : 819Marcus$
validerMDPClasseur.redirect.php
Adresse ip : ::1
Date : 06/04/2018
Heure : 01:09:02pm
Plateforme : Mozilla/5.0 (X11; Linux x86_64) AppleWebKit/537.36 (KHTML, like Gecko) Chrome/64.0.3282.119 Safari/537.36
----------------------------------------------------------------
